Arguments: 
  C:\Program Files\nodejs\node.exe C:\Program Files (x86)\Yarn\bin\yarn.js

PATH: 
  C:\Program Files\Git\mingw64\bin;C:\Program Files\Git\usr\bin;C:\Users\yyhan\bin;C:\Program Files\AdoptOpenJDK\jdk-15.0.1.9-hotspot\bin;C:\WINDOWS\system32;C:\WINDOWS;C:\WINDOWS\System32\Wbem;C:\WINDOWS\System32\WindowsPowerShell\v1.0;C:\WINDOWS\System32\OpenSSH;C:\Users\yyhan\AppData\Roaming\nvm;C:\Program Files\nodejs;C:\Program Files (x86)\Yarn\bin;C:\Program Files (x86)\NVIDIA Corporation\PhysX\Common;C:\Program Files\NVIDIA Corporation\NVIDIA NvDLISR;C:\Program Files\Git\cmd;C:\Program Files\Microsoft SQL Server\Client SDK\ODBC\170\Tools\Binn;C:\Program Files (x86)\Microsoft SQL Server\150\Tools\Binn;C:\Program Files\Microsoft SQL Server\150\Tools\Binn;C:\Program Files\Microsoft SQL Server\150\DTS\Binn;C:\Program Files (x86)\Microsoft SQL Server\150\DTS\Binn;C:\Program Files\Azure Data Studio\bin;C:\Program Files\Docker\Docker\resources\bin;C:\ProgramData\DockerDesktop\version-bin;C:\Program Files\dotnet;C:\Program Files\Microsoft SQL Server\130\Tools\Binn;C:\Users\yyhan\AppData\Roaming\nvm;C:\Program Files\nodejs;C:\Program Files\nodejs;C:\ProgramData\chocolatey\bin;C:\Python39\Scripts;C:\Python39;C:\Users\yyhan\AppData\Local\Programs\AdoptOpenJDK\jdk-11.0.9.11-hotspot\bin;C:\Users\yyhan\AppData\Local\Microsoft\WindowsApps;C:\Users\yyhan\AppData\Local\Programs\Microsoft VS Code\bin;C:\Users\yyhan\AppData\Roaming\nvm;C:\Program Files\nodejs;C:\Users\yyhan\AppData\Local\Yarn\bin;C:\Program Files\Azure Data Studio\bin;C:\Program Files\heroku\bin;C:\Program Files\PostgreSQL\13\bin;C:\Users\yyhan\.dotnet\tools;C:\Program Files\MySQL\MySQL Shell 8.0\bin;C:\Users\yyhan\AppData\Roaming\npm

Yarn version: 
  1.22.5

Node version: 
  14.15.4

Platform: 
  win32 x64

Trace: 
  Error: 18152:error:1408F119:SSL routines:ssl3_get_record:decryption failed or bad record mac:c:\ws\deps\openssl\openssl\ssl\record\ssl3_record.c:677:

npm manifest: 
  {
    "name": "client",
    "version": "0.1.0",
    "private": true,
    "dependencies": {
      "@apollo/react-hooks": "^3.1.5",
      "@material-ui/core": "^4.10.0",
      "@material-ui/icons": "^4.9.1",
      "@material-ui/lab": "^4.0.0-alpha.54",
      "apollo-boost": "^0.4.9",
      "apollo-cache-inmemory": "^1.6.6",
      "apollo-client": "^2.6.10",
      "apollo-link": "^1.2.14",
      "apollo-link-context": "^1.0.20",
      "apollo-link-error": "^1.1.13",
      "apollo-link-http": "^1.5.17",
      "axios": "^0.19.2",
      "axios-hooks": "^1.10.0",
      "babel-jest": "^26.6.3",
      "clsx": "^1.1.0",
      "cors": "^2.8.5",
      "dotenv": "^8.2.0",
      "formik": "^2.1.4",
      "graphql": "^15.0.0",
      "graphql-tag": "^2.10.3",
      "iso-639-1": "^2.1.3",
      "lodash": "^4.17.15",
      "react": "^16.13.1",
      "react-dom": "^16.13.1",
      "react-router-dom": "^5.2.0",
      "react-scripts": "3.4.1",
      "typescript": "~3.7.2",
      "use-persisted-state": "^0.3.0",
      "yup": "^0.29.1"
    },
    "scripts": {
      "start": "react-scripts start",
      "build": "react-scripts build",
      "test": "react-scripts test",
      "eject": "react-scripts eject",
      "codegen": "graphql-codegen --config codegen.yml"
    },
    "eslintConfig": {
      "extends": "react-app"
    },
    "browserslist": {
      "production": [
        ">0.2%",
        "not dead",
        "not op_mini all"
      ],
      "development": [
        "last 1 chrome version",
        "last 1 firefox version",
        "last 1 safari version"
      ]
    },
    "devDependencies": {
      "@graphql-codegen/cli": "^1.7.0",
      "@graphql-codegen/introspection": "^1.7.0",
      "@graphql-codegen/typescript": "^1.7.0",
      "@graphql-codegen/typescript-operations": "^1.7.0",
      "@graphql-codegen/typescript-react-apollo": "^1.7.0",
      "@testing-library/jest-dom": "^4.2.4",
      "@testing-library/react": "^9.3.2",
      "@testing-library/user-event": "^7.1.2",
      "@types/jest": "^24.0.0",
      "@types/lodash": "^4.14.154",
      "@types/node": "^12.0.0",
      "@types/react": "^16.9.0",
      "@types/react-dom": "^16.9.0",
      "@types/react-router-dom": "^5.1.5",
      "@types/use-persisted-state": "^0.3.0",
      "@types/yup": "^0.29.0",
      "graphql-codegen-typescript-react-apollo-template": "^0.18.2"
    }
  }

yarn manifest: 
  No manifest

Lockfile: 
  No lockfile
